<?xml version="1.0" encoding="UTF-8"?>
<testng-results skipped="0" failed="0" ignored="0" total="1" passed="1">
  <reporter-output>
  </reporter-output>
  <suite name="MySuit" duration-ms="29597" started-at="2021-04-12T23:08:16 IST" finished-at="2021-04-12T23:08:46 IST">
    <groups>
    </groups>
    <test name="testname" duration-ms="29597" started-at="2021-04-12T23:08:16 IST" finished-at="2021-04-12T23:08:46 IST">
      <class name="testsuit.LoginTest">
        <test-method status="PASS" signature="setup()[pri:0, instance:testsuit.LoginTest@64bf3bbf]" name="setup" is-config="true" duration-ms="12929" started-at="2021-04-12T23:08:17 IST" finished-at="2021-04-12T23:08:29 IST">
          <reporter-output>
          </reporter-output>
        </test-method> <!-- setup -->
        <test-method status="PASS" signature="login(java.lang.String, java.lang.String)[pri:0, instance:testsuit.LoginTest@64bf3bbf]" name="login" duration-ms="16613" started-at="2021-04-12T23:08:29 IST" finished-at="2021-04-12T23:08:46 IST">
          <params>
            <param index="0">
              <value>
                <![CDATA[venkat.purushothapu@gmail.com]]>
              </value>
            </param>
            <param index="1">
              <value>
                <![CDATA[Manikanta]]>
              </value>
            </param>
          </params>
          <reporter-output>
          </reporter-output>
        </test-method> <!-- login -->
        <test-method status="PASS" signature="teardown()[pri:0, instance:testsuit.LoginTest@64bf3bbf]" name="teardown" is-config="true" duration-ms="0" started-at="2021-04-12T23:08:46 IST" finished-at="2021-04-12T23:08:46 IST">
          <reporter-output>
          </reporter-output>
        </test-method> <!-- teardown -->
      </class> <!-- testsuit.LoginTest -->
    </test> <!-- testname -->
  </suite> <!-- MySuit -->
</testng-results>
