<?xml version="1.0" encoding="UTF-8"?>
<testng-results ignored="0" total="1" passed="1" failed="0" skipped="0">
  <reporter-output>
  </reporter-output>
  <suite started-at="2021-04-11T19:58:42 IST" name="Default suite" finished-at="2021-04-11T19:59:01 IST" duration-ms="19908">
    <groups>
    </groups>
    <test started-at="2021-04-11T19:58:42 IST" name="Default test" finished-at="2021-04-11T19:59:01 IST" duration-ms="19908">
      <class name="testsuit.ApachePOI">
        <test-method is-config="true" signature="setup()[pri:0, instance:testsuit.ApachePOI@3d1cfad4]" started-at="2021-04-11T19:58:42 IST" name="setup" finished-at="2021-04-11T19:58:50 IST" duration-ms="8461" status="PASS">
          <reporter-output>
          </reporter-output>
        </test-method> <!-- setup -->
        <test-method signature="login()[pri:0, instance:testsuit.ApachePOI@3d1cfad4]" started-at="2021-04-11T19:58:50 IST" name="login" finished-at="2021-04-11T19:59:01 IST" duration-ms="11372" status="PASS">
          <reporter-output>
          </reporter-output>
        </test-method> <!-- login -->
        <test-method is-config="true" signature="teardown()[pri:0, instance:testsuit.ApachePOI@3d1cfad4]" started-at="2021-04-11T19:59:01 IST" name="teardown" finished-at="2021-04-11T19:59:01 IST" duration-ms="0" status="PASS">
          <reporter-output>
          </reporter-output>
        </test-method> <!-- teardown -->
      </class> <!-- testsuit.ApachePOI -->
    </test> <!-- Default test -->
  </suite> <!-- Default suite -->
</testng-results>
